0 info it worked if it ends with ok
1 verbose cli [ 'C:\\Program Files\\nodejs\\node.exe',
1 verbose cli   'C:\\Program Files\\nodejs\\node_modules\\npm\\bin\\npm-cli.js',
1 verbose cli   'run',
1 verbose cli   'build' ]
2 info using npm@3.10.10
3 info using node@v6.10.3
4 verbose run-script [ 'prebuild', 'build', 'postbuild' ]
5 info lifecycle binomium@1.0.0~prebuild: binomium@1.0.0
6 silly lifecycle binomium@1.0.0~prebuild: no script for prebuild, continuing
7 info lifecycle binomium@1.0.0~build: binomium@1.0.0
8 verbose lifecycle binomium@1.0.0~build: unsafe-perm in lifecycle true
9 verbose lifecycle binomium@1.0.0~build: PATH: C:\Program Files\nodejs\node_modules\npm\bin\node-gyp-bin;C:\Projects\Binomium\node_modules\.bin;C:\ProgramData\Oracle\Java\javapath;C:\Windows\system32;C:\Windows;C:\Windows\System32\Wbem;C:\Windows\System32\WindowsPowerShell\v1.0\;C:\Program Files (x86)\ATI Technologies\ATI.ACE\Core-Static;C:\SWTOOLS\ReadyApps;C:\Program Files (x86)\Common Files\Lenovo;C:\Program Files (x86)\Common Files\lenovo\easyplussdk\bin;C:\Program Files\nodejs\;C:\Users\User\Miniconda3;C:\Users\User\Miniconda3\Scripts;C:\Users\User\Miniconda3\Library\bin;C:\Users\User\AppData\Local\Programs\minghc-7.10.2-x86_64\git-2.4.5.1\cmd;C:\Users\User\AppData\Local\Programs\minghc-7.10.2-x86_64\git-2.4.5.1\usr\bin;C:\Users\User\AppData\Local\Programs\minghc-7.10.2-x86_64\ghc-7.10.2\mingw\bin;C:\Users\User\AppData\Local\Programs\minghc-7.10.2-x86_64\ghc-7.10.2\bin;C:\Users\User\AppData\Local\Programs\minghc-7.10.2-x86_64\bin;C:\Users\User\AppData\Roaming\cabal\bin;C:\Program Files (x86)\Microsoft VS Code\bin;C:\Users\User\AppData\Roaming\npm
10 verbose lifecycle binomium@1.0.0~build: CWD: C:\Projects\Binomium
11 silly lifecycle binomium@1.0.0~build: Args: [ '/d /s /c', 'babel ./src -d ./app -w' ]
12 verbose stack Error: kill ENOSYS
12 verbose stack     at exports._errnoException (util.js:1018:11)
12 verbose stack     at process.kill (internal/process.js:190:13)
12 verbose stack     at process.listener (C:\Program Files\nodejs\node_modules\npm\node_modules\npmlog\node_modules\gauge\node_modules\signal-exit\index.js:86:15)
12 verbose stack     at emitNone (events.js:91:20)
12 verbose stack     at process.emit (events.js:185:7)
12 verbose stack     at processEmit (C:\Program Files\nodejs\node_modules\npm\node_modules\npmlog\node_modules\gauge\node_modules\signal-exit\index.js:146:32)
12 verbose stack     at processEmit (C:\Program Files\nodejs\node_modules\npm\node_modules\npm-registry-client\node_modules\npmlog\node_modules\gauge\node_modules\signal-exit\index.js:146:32)
12 verbose stack     at Signal.wrap.onsignal (internal/process.js:217:44)
13 verbose cwd C:\Projects\Binomium
14 error Windows_NT 6.1.7601
15 error argv "C:\\Program Files\\nodejs\\node.exe" "C:\\Program Files\\nodejs\\node_modules\\npm\\bin\\npm-cli.js" "run" "build"
16 error node v6.10.3
17 error npm  v3.10.10
18 error code ENOSYS
19 error errno ENOSYS
20 error syscall kill
21 error kill ENOSYS
22 error If you need help, you may report this error at:
22 error     <https://github.com/npm/npm/issues>
23 verbose exit [ 1, true ]
